[35m[Appium][39m Welcome to Appium v1.22.2
[35m[Appium][39m Non-default server args:
[35m[Appium][39m   port: 53861
[35m[Appium][39m   loglevel: info
[35m[Appium][39m   tmpDir: C:\Users\MELVA~1.PAN\AppData\Local\Temp\\Katalon\Appium\Temp1714014142915
[35m[Appium][39m Appium REST http interface listener started on 0.0.0.0:53861
[35m[HTTP][39m [37m-->[39m [37mGET[39m [37m/wd/hub/status[39m
[35m[HTTP][39m [90m{}[39m
[35m[HTTP][39m [37m<-- GET /wd/hub/status [39m[32m200[39m [90m8 ms - 68[39m
[35m[HTTP][39m [90m[39m
[35m[HTTP][39m [37m-->[39m [37mGET[39m [37m/wd/hub/status[39m
[35m[HTTP][39m [90m{}[39m
[35m[HTTP][39m [37m<-- GET /wd/hub/status [39m[32m200[39m [90m2 ms - 68[39m
[35m[HTTP][39m [90m[39m
[35m[HTTP][39m [37m-->[39m [37mPOST[39m [37m/wd/hub/session[39m
[35m[HTTP][39m [90m{"desiredCapabilities":{"app":"C:\\Users\\melva.panjaitan\\Downloads\\jmcare 1.1.3 dev.apk","noReset":true,"newCommandTimeout":1800,"platformVersion":"13","automationName":"uiautomator2","autoGrantPermissions":true,"platformName":"Android","udid":"RR8RC0488XA","deviceName":"samsung SM-A225F (Android 13)","fullReset":false,"systemPort":53916},"capabilities":{"firstMatch":[{"appium:app":"C:\\Users\\melva.panjaitan\\Downloads\\jmcare 1.1.3 dev.apk","appium:autoGrantPermissions":true,"appium:automationName":"uiautomator2","appium:deviceName":"samsung SM-A225F (Android 13)","appium:fullReset":false,"appium:newCommandTimeout":1800,"appium:noReset":true,"platformName":"android","appium:platformVersion":"13","appium:systemPort":53916,"appium:udid":"RR8RC0488XA"}]}}[39m
[35m[Appium][39m Appium v1.22.2 creating new AndroidUiautomator2Driver (v1.70.1) session
[35m[BaseDriver][39m Session created with session id: 583d9ad4-7818-45cd-b5ec-8edc875b3024
[35m[BaseDriver][39m Using local app 'C:\Users\melva.panjaitan\Downloads\jmcare 1.1.3 dev.apk'
[35m[ADB][39m Found 1 'build-tools' folders under 'C:\Users\melva.panjaitan\.katalon\tools\android_sdk' (newest first):
[35m[ADB][39m     C:/Users/melva.panjaitan/.katalon/tools/android_sdk/build-tools/29.0.3
[35m[ADB][39m Using 'adb.exe' from 'C:\Users\melva.panjaitan\.katalon\tools\android_sdk\platform-tools\adb.exe'
[35m[AndroidDriver][39m Retrieving device list
[35m[AndroidDriver][39m Using device: RR8RC0488XA
[35m[ADB][39m Using 'adb.exe' from 'C:\Users\melva.panjaitan\.katalon\tools\android_sdk\platform-tools\adb.exe'
[35m[ADB][39m Getting device platform version
[35m[UiAutomator2][39m Relaxing hidden api policy
[35m[ADB][39m Package name: 'com.mpmfinance.jmcare'
[35m[ADB][39m Main activity name: 'com.mpmfinance.jmcare.screens.splash.SplashScreenActivity'
[35m[ADB][39m Using 'apksigner.jar' from 'C:\Users\melva.panjaitan\.katalon\tools\android_sdk\build-tools\29.0.3\lib\apksigner.jar'
[35m[ADB][39m 'C:\Users\melva.panjaitan\AppData\Roaming\npm\node_modules\appium\node_modules\appium-uiautomator2-server\apks\appium-uiautomator2-server-v4.27.0.apk' is signed with the default certificate
[35m[ADB][39m 'C:\Users\melva.panjaitan\AppData\Roaming\npm\node_modules\appium\node_modules\appium-uiautomator2-server\apks\appium-uiautomator2-server-debug-androidTest.apk' is signed with the default certificate
[35m[UiAutomator2][39m Server packages are not going to be (re)installed
[35m[ADB][39m Adding packages ["io.appium.settings","io.appium.uiautomator2.server","io.appium.uiautomator2.server.test"] to Doze whitelist
[35m[ADB][39m 'C:\Users\melva.panjaitan\Downloads\jmcare 1.1.3 dev.apk' is signed with a non-default certificate
[35m[ADB][39m The application at 'C:\Users\melva.panjaitan\Downloads\jmcare 1.1.3 dev.apk' will not be cached, because the device under test has confirmed the support of streamed installs
[35m[ADB][39m The installation of 'jmcare 1.1.3 dev.apk' took 7433ms
[35m[UiAutomator2][39m Starting UIAutomator2 server 4.27.0
[35m[UiAutomator2][39m Using UIAutomator2 server from 'C:\Users\melva.panjaitan\AppData\Roaming\npm\node_modules\appium\node_modules\appium-uiautomator2-server\apks\appium-uiautomator2-server-v4.27.0.apk' and test from 'C:\Users\melva.panjaitan\AppData\Roaming\npm\node_modules\appium\node_modules\appium-uiautomator2-server\apks\appium-uiautomator2-server-debug-androidTest.apk'
[35m[UiAutomator2][39m Waiting up to 30000ms for UiAutomator2 to be online...
[35m[WD Proxy][39m socket hang up
[35m[WD Proxy][39m socket hang up
[35m[WD Proxy][39m socket hang up
[35m[WD Proxy][39m socket hang up
[35m[WD Proxy][39m socket hang up
[35m[WD Proxy][39m socket hang up
[35m[WD Proxy][39m Determined the downstream protocol as 'W3C'
[35m[AndroidDriver][39m Screen already unlocked, doing nothing
[35m[UiAutomator2][39m Starting 'com.mpmfinance.jmcare/com.mpmfinance.jmcare.screens.splash.SplashScreenActivity and waiting for 'com.mpmfinance.jmcare/com.mpmfinance.jmcare.screens.splash.SplashScreenActivity'
[35m[Appium][39m New AndroidUiautomator2Driver session created successfully, session 583d9ad4-7818-45cd-b5ec-8edc875b3024 added to master session list
[35m[HTTP][39m [37m<-- POST /wd/hub/session [39m[32m200[39m [90m29707 ms - 1200[39m
[35m[HTTP][39m [90m[39m
[35m[HTTP][39m [37m-->[39m [37mGET[39m [37m/wd/hub/session/583d9ad4-7818-45cd-b5ec-8edc875b3024[39m
[35m[HTTP][39m [90m{}[39m
[35m[HTTP][39m [37m<-- GET /wd/hub/session/583d9ad4-7818-45cd-b5ec-8edc875b3024 [39m[32m200[39m [90m18 ms - 1154[39m
[35m[HTTP][39m [90m[39m
[35m[HTTP][39m [37m-->[39m [37mGET[39m [37m/wd/hub/session/583d9ad4-7818-45cd-b5ec-8edc875b3024[39m
[35m[HTTP][39m [90m{}[39m
[35m[HTTP][39m [37m<-- GET /wd/hub/session/583d9ad4-7818-45cd-b5ec-8edc875b3024 [39m[32m200[39m [90m18 ms - 1154[39m
[35m[HTTP][39m [90m[39m
[35m[HTTP][39m [37m-->[39m [37mGET[39m [37m/wd/hub/status[39m
[35m[HTTP][39m [90m{}[39m
[35m[HTTP][39m [37m<-- GET /wd/hub/status [39m[32m200[39m [90m1 ms - 68[39m
[35m[HTTP][39m [90m[39m
[35m[HTTP][39m [37m-->[39m [37mPOST[39m [37m/wd/hub/session/583d9ad4-7818-45cd-b5ec-8edc875b3024/timeouts[39m
[35m[HTTP][39m [90m{"implicit":60000}[39m
[35m[HTTP][39m [37m<-- POST /wd/hub/session/583d9ad4-7818-45cd-b5ec-8edc875b3024/timeouts [39m[32m200[39m [90m4 ms - 14[39m
[35m[HTTP][39m [90m[39m
[35m[HTTP][39m [37m-->[39m [37mGET[39m [37m/wd/hub/session/583d9ad4-7818-45cd-b5ec-8edc875b3024/source[39m
[35m[HTTP][39m [90m{}[39m
[35m[W3C (583d9ad4)][39m Driver proxy active, passing request on via HTTP proxy
[35m[WD Proxy][39m Replacing sessionId cffad882-fa1f-4af2-92e5-a73df9ef0366 with 583d9ad4-7818-45cd-b5ec-8edc875b3024
[35m[HTTP][39m [37m<-- GET /wd/hub/session/583d9ad4-7818-45cd-b5ec-8edc875b3024/source [39m[32m200[39m [90m237 ms - 4174[39m
[35m[HTTP][39m [90m[39m
[35m[HTTP][39m [37m-->[39m [37mGET[39m [37m/wd/hub/session/583d9ad4-7818-45cd-b5ec-8edc875b3024/screenshot[39m
[35m[HTTP][39m [90m{}[39m
[35m[HTTP][39m [37m<-- GET /wd/hub/session/583d9ad4-7818-45cd-b5ec-8edc875b3024/screenshot [39m[32m200[39m [90m1282 ms - 148344[39m
[35m[HTTP][39m [90m[39m
[35m[HTTP][39m [37m-->[39m [37mGET[39m [37m/wd/hub/session/583d9ad4-7818-45cd-b5ec-8edc875b3024/source[39m
[35m[HTTP][39m [90m{}[39m
[35m[W3C (583d9ad4)][39m Driver proxy active, passing request on via HTTP proxy
[35m[HTTP][39m [37m<-- GET /wd/hub/session/583d9ad4-7818-45cd-b5ec-8edc875b3024/source [39m[31m500[39m [90m178 ms - 1121[39m
[35m[HTTP][39m [90m[39m
[35m[HTTP][39m [37m-->[39m [37mGET[39m [37m/wd/hub/session/583d9ad4-7818-45cd-b5ec-8edc875b3024/screenshot[39m
[35m[HTTP][39m [90m{}[39m
[35m[HTTP][39m [37m<-- GET /wd/hub/session/583d9ad4-7818-45cd-b5ec-8edc875b3024/screenshot [39m[31m500[39m [90m15 ms - 1084[39m
[35m[HTTP][39m [90m[39m
[35m[HTTP][39m [37m-->[39m [37mDELETE[39m [37m/wd/hub/session/583d9ad4-7818-45cd-b5ec-8edc875b3024[39m
[35m[HTTP][39m [90m{}[39m
[35m[Appium][39m Removing session 583d9ad4-7818-45cd-b5ec-8edc875b3024 from our master session list
[35m[UiAutomator2][39m Did not get confirmation UiAutomator2 deleteSession worked; Error was: UnknownError: An unknown server-side error occurred while processing the command. Original error: 'DELETE /' cannot be proxied to UiAutomator2 server because the instrumentation process is not running (probably crashed). Check the server log and/or the logcat output for more details
[35m[ADB][39m Error sending command, reconnecting device and retrying: shell,am,force-stop,com.mpmfinance.jmcare
[35m[UiAutomator2][39m Unable to force stop app: Could not find a connected Android device in 20058ms.
[35m[ADB][39m Error sending command, reconnecting device and retrying: forward,--remove,tcp:53916
[35m[UiAutomator2][39m Unable to remove system port forward: Could not find a connected Android device in 20238ms.
[35m[UiAutomator2][39m Restoring hidden api policy to the device default configuration
[35m[ADB][39m Error sending command, reconnecting device and retrying: shell,settings delete global hidden_api_policy_pre_p_apps;settings delete global hidden_api_policy_p_apps;settings delete global hidden_api_policy
[35m[HTTP][39m [37m<-- DELETE /wd/hub/session/583d9ad4-7818-45cd-b5ec-8edc875b3024 [39m[31m500[39m [90m66086 ms - 687[39m
[35m[HTTP][39m [90m[39m
